2663 MainProcess 2026-07-23 03:38:38,251
Traceback (most recent call last):
  File "/usr/local/lib/python3.12/dist-packages/pyarmor/cli/__main__.py", line 752, in main
    main_entry(sys.argv[1:])
  File "/usr/local/lib/python3.12/dist-packages/pyarmor/cli/__main__.py", line 740, in main_entry
    return args.func(ctx, args)
           ^^^^^^^^^^^^^^^^^^^^
  File "/usr/local/lib/python3.12/dist-packages/pyarmor/cli/__main__.py", line 244, in cmd_gen
    builder.process(options)
  File "/usr/local/lib/python3.12/dist-packages/pyarmor/cli/generate.py", line 188, in process
    self._obfuscate_scripts()
  File "/usr/local/lib/python3.12/dist-packages/pyarmor/cli/generate.py", line 144, in _obfuscate_scripts
    code = Pytransform3.generate_obfuscated_script(self.ctx, r)
           ^^^^^^^^^^^^^^^^^^^^^^^^^^^^^^^^^^^^^^^^^^^^^^^^^^^^
  File "/usr/local/lib/python3.12/dist-packages/pyarmor/cli/core/__init__.py", line 93, in generate_obfuscated_script
    return m.generate_obfuscated_script(ctx, res)
           ^^^^^^^^^^^^^^^^^^^^^^^^^^^^^^^^^^^^^^
  File "<maker>", line 713, in generate_obfuscated_script
  File "/usr/local/lib/python3.12/dist-packages/pyarmor/cli/__init__.py", line 16, in process
    return meth(self, res, *args, **kwargs)
           ^^^^^^^^^^^^^^^^^^^^^^^^^^^^^^^^
  File "<maker>", line 543, in process
  File "<maker>", line 549, in coserialize
  File "<maker>", line 594, in _build_ast_body
RuntimeError: out of license
